<?xml version="1.0" encoding="UTF-8"?>
<testng-results ignored="0" total="1" passed="1" failed="0" skipped="0">
  <reporter-output>
  </reporter-output>
  <suite started-at="2022-07-05T13:52:34 IST" name="Default suite" finished-at="2022-07-05T13:52:41 IST" duration-ms="7365">
    <groups>
    </groups>
    <test started-at="2022-07-05T13:52:34 IST" name="Default test" finished-at="2022-07-05T13:52:41 IST" duration-ms="7365">
      <class name="com.master.tests.GetPerson">
        <test-method is-config="true" signature="init()[pri:0, instance:com.master.tests.GetPerson@2063c53e]" started-at="2022-07-05T13:52:34 IST" name="init" finished-at="2022-07-05T13:52:36 IST" duration-ms="2259" status="PASS">
          <reporter-output>
          </reporter-output>
        </test-method> <!-- init -->
        <test-method signature="getAllUsersTest()[pri:0, instance:com.master.tests.GetPerson@2063c53e]" started-at="2022-07-05T13:52:36 IST" name="getAllUsersTest" finished-at="2022-07-05T13:52:41 IST" duration-ms="4822" status="PASS">
          <reporter-output>
          </reporter-output>
        </test-method> <!-- getAllUsersTest -->
      </class> <!-- com.master.tests.GetPerson -->
    </test> <!-- Default test -->
  </suite> <!-- Default suite -->
</testng-results>
