<?xml version="1.0" encoding="UTF-8"?>
<testng-results ignored="0" total="1" passed="1" failed="0" skipped="0">
  <reporter-output>
  </reporter-output>
  <suite started-at="2022-07-05T10:50:58 IST" name="Default suite" finished-at="2022-07-05T10:51:01 IST" duration-ms="2737">
    <groups>
    </groups>
    <test started-at="2022-07-05T10:50:58 IST" name="Default test" finished-at="2022-07-05T10:51:01 IST" duration-ms="2737">
      <class name="com.master.tests.GetPerson">
        <test-method is-config="true" signature="init()[pri:0, instance:com.master.tests.GetPerson@3e74829]" started-at="2022-07-05T10:50:58 IST" name="init" finished-at="2022-07-05T10:50:59 IST" duration-ms="630" status="PASS">
          <reporter-output>
          </reporter-output>
        </test-method> <!-- init -->
        <test-method signature="getAllUsersTest()[pri:0, instance:com.master.tests.GetPerson@3e74829]" started-at="2022-07-05T10:50:59 IST" name="getAllUsersTest" finished-at="2022-07-05T10:51:01 IST" duration-ms="1925" status="PASS">
          <reporter-output>
          </reporter-output>
        </test-method> <!-- getAllUsersTest -->
      </class> <!-- com.master.tests.GetPerson -->
    </test> <!-- Default test -->
  </suite> <!-- Default suite -->
</testng-results>
